<?xml version="1.0" encoding="UTF-8"?>
<!-- Generated by org.testng.reporters.JUnitReportReporter -->
<testsuite hostname="HMS-Gaurav-Testing" name="Application.Mobile.TestSuites.TestClassMethods" tests="1" failures="0" timestamp="16 Jul 2018 12:12:00 GMT" time="77.779" errors="0">
  <testcase name="tc0001" time="77.779" classname="Application.Mobile.TestSuites.TestClassMethods"/>
</testsuite> <!-- Application.Mobile.TestSuites.TestClassMethods -->
