<?xml version="1.0" encoding="UTF-8"?>
<!-- Generated by org.testng.reporters.JUnitReportReporter -->
<testsuite hostname="HMS-Gaurav-Testing" name="Application.Mobile.TestClassMethods" tests="1" failures="0" timestamp="14 Jul 2018 06:41:08 GMT" time="2.990" errors="0">
  <testcase name="tc0001" time="2.990" classname="Application.Mobile.TestClassMethods"/>
</testsuite> <!-- Application.Mobile.TestClassMethods -->
